<?xml version="1.0" encoding="UTF-8"?>
<!-- Generated by org.testng.reporters.JUnitReportReporter -->
<testsuite hostname="DESKTOP-OI1AHPK" failures="0" tests="3" name="com.SwagLabs.Testcases.InventoryPageTest" time="0.468" errors="0" timestamp="2024-07-02T23:34:12 IST" skipped="0">
  <testcase classname="com.SwagLabs.Testcases.InventoryPageTest" name="verifyProductCount" time="0.062"/>
  <system-out/>
  <testcase classname="com.SwagLabs.Testcases.InventoryPageTest" name="verifyProductName" time="0.148"/>
  <system-out/>
  <testcase classname="com.SwagLabs.Testcases.InventoryPageTest" name="verifyAddToCart" time="0.258"/>
  <system-out/>
</testsuite> <!-- com.SwagLabs.Testcases.InventoryPageTest -->
