<?xml version="1.0" encoding="UTF-8"?>
<!-- Generated by org.testng.reporters.JUnitReportReporter -->
<testsuite hostname="DESKTOP-OI1AHPK" failures="0" tests="3" name="com.SwagLabs.Testcases.LoginPageTest" time="0.665" errors="0" timestamp="2024-07-02T23:21:16 IST" skipped="0">
  <testcase classname="com.SwagLabs.Testcases.LoginPageTest" name="verifyUrl" time="0.051"/>
  <system-out/>
  <testcase classname="com.SwagLabs.Testcases.LoginPageTest" name="verifyTitle" time="0.022"/>
  <system-out/>
  <testcase classname="com.SwagLabs.Testcases.LoginPageTest" name="verifyLogin" time="0.592"/>
  <system-out/>
</testsuite> <!-- com.SwagLabs.Testcases.LoginPageTest -->
