<?xml version="1.0" encoding="UTF-8"?>
<!-- Generated by org.testng.reporters.JUnitReportReporter -->
<testsuite hostname="DESKTOP-OI1AHPK" failures="0" tests="2" name="com.SwagLabs.Testcases.OverviewPageTest" time="4.480" errors="0" timestamp="2024-07-03T12:13:07 IST" skipped="0">
  <testcase classname="com.SwagLabs.Testcases.OverviewPageTest" name="verifySummary" time="2.264"/>
  <system-out/>
  <testcase classname="com.SwagLabs.Testcases.OverviewPageTest" name="verifyOverview" time="2.216"/>
  <system-out/>
</testsuite> <!-- com.SwagLabs.Testcases.OverviewPageTest -->
