<?xml version="1.0" encoding="UTF-8"?>
<!-- Generated by org.testng.reporters.JUnitReportReporter -->
<testsuite hostname="DESKTOP-OI1AHPK" failures="0" tests="2" name="com.SwagLabs.Testcases.OverviewPageTest" time="4.611" errors="0" timestamp="2024-07-03T00:43:16 IST" skipped="0">
  <testcase classname="com.SwagLabs.Testcases.OverviewPageTest" name="verifySummary" time="2.326"/>
  <system-out/>
  <testcase classname="com.SwagLabs.Testcases.OverviewPageTest" name="verifyOverview" time="2.285"/>
  <system-out/>
</testsuite> <!-- com.SwagLabs.Testcases.OverviewPageTest -->
