<?xml version="1.0" encoding="UTF-8"?>
<!-- Generated by org.testng.reporters.JUnitReportReporter -->
<testsuite hostname="DESKTOP-OI1AHPK" failures="0" tests="3" name="com.SwagLabs.Testcases.CartPageTest" time="8.761" errors="0" timestamp="2024-07-02T23:49:23 IST" skipped="0">
  <testcase classname="com.SwagLabs.Testcases.CartPageTest" name="verifyRemove" time="2.108"/>
  <system-out/>
  <testcase classname="com.SwagLabs.Testcases.CartPageTest" name="verifyContinueShopping" time="6.521"/>
  <system-out/>
  <testcase classname="com.SwagLabs.Testcases.CartPageTest" name="verifyCheckout" time="0.132"/>
  <system-out/>
</testsuite> <!-- com.SwagLabs.Testcases.CartPageTest -->
