<?xml version="1.0" encoding="UTF-8"?>
<!-- Generated by org.testng.reporters.JUnitReportReporter -->
<testsuite hostname="DESKTOP-OI1AHPK" failures="0" tests="2" name="com.SwagLabs.Testcases.CheckoutPageTest" time="2.833" errors="0" timestamp="2024-07-03T00:16:49 IST" skipped="0">
  <testcase classname="com.SwagLabs.Testcases.CheckoutPageTest" name="verifyCancel" time="2.249"/>
  <system-out/>
  <testcase classname="com.SwagLabs.Testcases.CheckoutPageTest" name="verifyCheckout" time="0.584"/>
  <system-out/>
</testsuite> <!-- com.SwagLabs.Testcases.CheckoutPageTest -->
